2013-03-11 21:11:16 [INFO] [ForgeModLoader] Forge Mod Loader version 4.7.35.556 for Minecraft 1.4.7 loading
2013-03-11 21:11:16 [FINEST] [ForgeModLoader] All core mods are successfully located
2013-03-11 21:11:16 [FINEST] [ForgeModLoader] Discovering coremods
2013-03-11 21:11:16 [FINEST] [ForgeModLoader] Found library file argo-2.25.jar present and correct in lib dir
2013-03-11 21:11:16 [FINEST] [ForgeModLoader] Found library file guava-12.0.1.jar present and correct in lib dir
2013-03-11 21:11:16 [FINEST] [ForgeModLoader] Found library file asm-all-4.0.jar present and correct in lib dir
2013-03-11 21:11:16 [FINEST] [ForgeModLoader] Found library file bcprov-jdk15on-147.jar present and correct in lib dir
2013-03-11 21:11:16 [FINEST] [ForgeModLoader] Running coremod plugins
2013-03-11 21:11:16 [FINEST] [ForgeModLoader] Running coremod plugin FMLCorePlugin
2013-03-11 21:11:16 [FINEST] [ForgeModLoader] Coremod plugin FMLCorePlugin run successfully
2013-03-11 21:11:16 [FINEST] [ForgeModLoader] Running coremod plugin FMLForgePlugin
2013-03-11 21:11:16 [FINEST] [ForgeModLoader] Coremod plugin FMLForgePlugin run successfully
2013-03-11 21:11:16 [FINEST] [ForgeModLoader] Validating minecraft
2013-03-11 21:11:16 [FINEST] [ForgeModLoader] Minecraft validated, launching...
2013-03-11 21:11:17 [INFO] [STDOUT] 27 achievements
2013-03-11 21:11:18 [INFO] [STDOUT] 210 recipes
2013-03-11 21:11:18 [INFO] [STDOUT] Setting user: Player543, -
2013-03-11 21:11:18 [INFO] [STDERR] Client asked for parameter: server
2013-03-11 21:11:18 [INFO] [STDOUT] LWJGL Version: 2.4.2
2013-03-11 21:11:18 [INFO] [STDERR] Someone is closing me!
